2024-11-08 21:58:21,288 - INFO - 开始监控 ETH/USDT (测试网环境)
2024-11-08 21:58:21,290 - INFO - 买入数量: 0.01, 最高价格: 5000
2024-11-08 21:58:24,065 - INFO - 当前价格: 2947.88
2024-11-08 21:58:24,648 - INFO - 可用USDT余额: 1869.602116131752, 需要: 50.0
2024-11-08 21:58:24,801 - INFO - 市价买入成功: {'info': {'clOrdId': 'e847386590ce4dBC4fecb633117c51ef', 'ordId': '1965347132006793216', 'sCode': '0', 'sMsg': 'Order placed', 'tag': 'e847386590ce4dBC', 'ts': '1731074308831'}, 'id': '1965347132006793216', 'clientOrderId': 'e847386590ce4dBC4fecb633117c51ef', 'timestamp': None, 'datetime': None, 'lastTradeTimestamp': None, 'lastUpdateTimestamp': None, 'symbol': 'ETH/USDT', 'type': 'market', 'timeInForce': None, 'postOnly': None, 'side': 'buy', 'price': None, 'stopLossPrice': None, 'takeProfitPrice': None, 'stopPrice': None, 'triggerPrice': None, 'average': None, 'cost': None, 'amount': None, 'filled': None, 'remaining': None, 'status': None, 'fee': None, 'trades': [], 'reduceOnly': False, 'fees': []}
2024-11-08 21:58:24,802 - INFO - 交易完成，退出程序
2024-11-08 22:00:10,241 - ERROR - 请先设置交易参数
2024-11-08 22:00:31,649 - ERROR - 请先设置交易参数
2024-11-08 22:07:45,473 - INFO - 开始监控 ETH/USDT (测试网环境)
2024-11-08 22:07:45,473 - INFO - 买入数量: 0.01, 最高价格: 2220
2024-11-08 22:07:47,662 - INFO - 当前价格: 2948.8
2024-11-08 22:07:47,662 - INFO - 当前价格 2948.8 超过最高限价 2220，继续监控...
2024-11-08 22:07:47,901 - INFO - 当前价格: 2948.8
2024-11-08 22:07:47,902 - INFO - 当前价格 2948.8 超过最高限价 2220，继续监控...
2024-11-08 22:07:48,142 - INFO - 当前价格: 2948.8
2024-11-08 22:07:48,142 - INFO - 当前价格 2948.8 超过最高限价 2220，继续监控...
2024-11-08 22:07:48,393 - INFO - 当前价格: 2948.59
2024-11-08 22:07:48,393 - INFO - 当前价格 2948.59 超过最高限价 2220，继续监控...
2024-11-08 22:07:48,918 - INFO - 当前价格: 2948.59
2024-11-08 22:07:48,919 - INFO - 当前价格 2948.59 超过最高限价 2220，继续监控...
2024-11-08 22:07:49,158 - INFO - 当前价格: 2948.59
2024-11-08 22:07:49,158 - INFO - 当前价格 2948.59 超过最高限价 2220，继续监控...
2024-11-08 22:07:49,469 - INFO - 当前价格: 2948.59
2024-11-08 22:07:49,470 - INFO - 当前价格 2948.59 超过最高限价 2220，继续监控...
2024-11-08 22:07:49,715 - INFO - 当前价格: 2948.57
2024-11-08 22:07:49,716 - INFO - 当前价格 2948.57 超过最高限价 2220，继续监控...
2024-11-08 22:07:50,227 - INFO - 当前价格: 2948.5
2024-11-08 22:07:50,228 - INFO - 当前价格 2948.5 超过最高限价 2220，继续监控...
2024-11-08 22:07:50,465 - INFO - 当前价格: 2948.57
2024-11-08 22:07:50,466 - INFO - 当前价格 2948.57 超过最高限价 2220，继续监控...
2024-11-08 22:07:50,701 - INFO - 当前价格: 2948.57
2024-11-08 22:07:50,702 - INFO - 当前价格 2948.57 超过最高限价 2220，继续监控...
2024-11-08 22:07:50,949 - INFO - 当前价格: 2948.57
2024-11-08 22:07:50,950 - INFO - 当前价格 2948.57 超过最高限价 2220，继续监控...
2024-11-08 22:07:51,189 - INFO - 当前价格: 2948.57
2024-11-08 22:07:51,190 - INFO - 当前价格 2948.57 超过最高限价 2220，继续监控...
2024-11-08 22:07:51,426 - INFO - 当前价格: 2948.57
2024-11-08 22:07:51,427 - INFO - 当前价格 2948.57 超过最高限价 2220，继续监控...
2024-11-08 22:07:51,675 - INFO - 当前价格: 2948.57
2024-11-08 22:07:51,676 - INFO - 当前价格 2948.57 超过最高限价 2220，继续监控...
2024-11-08 22:07:51,914 - INFO - 当前价格: 2948.57
2024-11-08 22:07:51,915 - INFO - 当前价格 2948.57 超过最高限价 2220，继续监控...
2024-11-08 22:07:52,166 - INFO - 当前价格: 2948.57
2024-11-08 22:07:52,167 - INFO - 当前价格 2948.57 超过最高限价 2220，继续监控...
2024-11-08 22:07:52,408 - INFO - 当前价格: 2948.57
2024-11-08 22:07:52,409 - INFO - 当前价格 2948.57 超过最高限价 2220，继续监控...
2024-11-08 22:07:52,651 - INFO - 当前价格: 2948.57
2024-11-08 22:07:52,652 - INFO - 当前价格 2948.57 超过最高限价 2220，继续监控...
2024-11-08 22:07:52,893 - INFO - 当前价格: 2948.57
2024-11-08 22:07:52,894 - INFO - 当前价格 2948.57 超过最高限价 2220，继续监控...
2024-11-08 22:07:53,143 - INFO - 当前价格: 2948.57
2024-11-08 22:07:53,144 - INFO - 当前价格 2948.57 超过最高限价 2220，继续监控...
2024-11-08 22:07:53,634 - INFO - 当前价格: 2948.57
2024-11-08 22:07:53,635 - INFO - 当前价格 2948.57 超过最高限价 2220，继续监控...
2024-11-08 22:07:54,085 - INFO - 当前价格: 2948.57
2024-11-08 22:07:54,086 - INFO - 当前价格 2948.57 超过最高限价 2220，继续监控...
2024-11-08 22:07:54,319 - INFO - 当前价格: 2948.57
2024-11-08 22:07:54,320 - INFO - 当前价格 2948.57 超过最高限价 2220，继续监控...
2024-11-08 22:07:54,627 - INFO - 当前价格: 2948.57
2024-11-08 22:07:54,628 - INFO - 当前价格 2948.57 超过最高限价 2220，继续监控...
2024-11-08 22:07:54,863 - INFO - 当前价格: 2948.57
2024-11-08 22:07:54,864 - INFO - 当前价格 2948.57 超过最高限价 2220，继续监控...
2024-11-08 22:07:55,107 - INFO - 当前价格: 2948.57
2024-11-08 22:07:55,108 - INFO - 当前价格 2948.57 超过最高限价 2220，继续监控...
2024-11-08 22:07:55,349 - INFO - 当前价格: 2948.57
2024-11-08 22:07:55,349 - INFO - 当前价格 2948.57 超过最高限价 2220，继续监控...
2024-11-08 22:07:55,596 - INFO - 当前价格: 2948.57
2024-11-08 22:07:55,597 - INFO - 当前价格 2948.57 超过最高限价 2220，继续监控...
2024-11-08 22:07:55,839 - INFO - 当前价格: 2948.57
2024-11-08 22:07:55,840 - INFO - 当前价格 2948.57 超过最高限价 2220，继续监控...
2024-11-08 22:07:56,075 - INFO - 当前价格: 2948.57
2024-11-08 22:07:56,076 - INFO - 当前价格 2948.57 超过最高限价 2220，继续监控...
2024-11-08 22:07:56,310 - INFO - 当前价格: 2948.57
2024-11-08 22:07:56,311 - INFO - 当前价格 2948.57 超过最高限价 2220，继续监控...
2024-11-08 22:07:56,548 - INFO - 当前价格: 2948.57
2024-11-08 22:07:56,548 - INFO - 当前价格 2948.57 超过最高限价 2220，继续监控...
2024-11-08 22:07:57,279 - INFO - 当前价格: 2948.57
2024-11-08 22:07:57,280 - INFO - 当前价格 2948.57 超过最高限价 2220，继续监控...
2024-11-08 22:07:57,867 - INFO - 当前价格: 2948.57
2024-11-08 22:07:57,868 - INFO - 当前价格 2948.57 超过最高限价 2220，继续监控...
2024-11-08 22:07:58,127 - INFO - 当前价格: 2948.57
2024-11-08 22:07:58,128 - INFO - 当前价格 2948.57 超过最高限价 2220，继续监控...
2024-11-08 22:07:58,372 - INFO - 当前价格: 2948.57
2024-11-08 22:07:58,373 - INFO - 当前价格 2948.57 超过最高限价 2220，继续监控...
2024-11-08 22:07:58,623 - INFO - 当前价格: 2948.57
2024-11-08 22:07:58,624 - INFO - 当前价格 2948.57 超过最高限价 2220，继续监控...
2024-11-08 22:07:58,861 - INFO - 当前价格: 2948.57
2024-11-08 22:07:58,862 - INFO - 当前价格 2948.57 超过最高限价 2220，继续监控...
2024-11-08 22:07:59,383 - INFO - 当前价格: 2948.57
2024-11-08 22:07:59,384 - INFO - 当前价格 2948.57 超过最高限价 2220，继续监控...
2024-11-08 22:21:32,572 - INFO - 开始监控 ETH/USDT (测试网环境)
2024-11-08 22:21:32,573 - INFO - 订单类型: market
2024-11-08 22:21:32,573 - INFO - 买入金额: 40 USDT
2024-11-08 22:21:32,573 - INFO - 最高价格: 2200
2024-11-08 22:21:33,994 - INFO - 当前价格: 2941.22
2024-11-08 22:21:33,995 - INFO - 当前价格 2941.22 超过最高限价 2200，继续监控...
2024-11-08 22:21:34,230 - INFO - 当前价格: 2941.22
2024-11-08 22:21:34,232 - INFO - 当前价格 2941.22 超过最高限价 2200，继续监控...
2024-11-08 22:21:34,471 - INFO - 当前价格: 2941.22
2024-11-08 22:21:34,472 - INFO - 当前价格 2941.22 超过最高限价 2200，继续监控...
2024-11-08 22:21:34,708 - INFO - 当前价格: 2941.22
2024-11-08 22:21:34,709 - INFO - 当前价格 2941.22 超过最高限价 2200，继续监控...
2024-11-08 22:21:34,949 - INFO - 当前价格: 2941.22
2024-11-08 22:21:34,949 - INFO - 当前价格 2941.22 超过最高限价 2200，继续监控...
2024-11-08 22:21:35,424 - INFO - 当前价格: 2941.38
2024-11-08 22:21:35,425 - INFO - 当前价格 2941.38 超过最高限价 2200，继续监控...
2024-11-08 22:21:35,669 - INFO - 当前价格: 2941.38
2024-11-08 22:21:35,670 - INFO - 当前价格 2941.38 超过最高限价 2200，继续监控...
2024-11-08 22:21:35,901 - INFO - 当前价格: 2941.38
2024-11-08 22:21:35,902 - INFO - 当前价格 2941.38 超过最高限价 2200，继续监控...
2024-11-08 22:21:36,142 - INFO - 当前价格: 2941.38
2024-11-08 22:21:36,143 - INFO - 当前价格 2941.38 超过最高限价 2200，继续监控...
2024-11-08 22:21:36,379 - INFO - 当前价格: 2941.38
2024-11-08 22:21:36,379 - INFO - 当前价格 2941.38 超过最高限价 2200，继续监控...
2024-11-08 22:21:36,614 - INFO - 当前价格: 2941.38
2024-11-08 22:21:36,615 - INFO - 当前价格 2941.38 超过最高限价 2200，继续监控...
2024-11-08 22:21:36,857 - INFO - 当前价格: 2941.38
2024-11-08 22:21:36,857 - INFO - 当前价格 2941.38 超过最高限价 2200，继续监控...
2024-11-08 22:21:37,122 - INFO - 当前价格: 2941.38
2024-11-08 22:21:37,123 - INFO - 当前价格 2941.38 超过最高限价 2200，继续监控...
2024-11-08 22:21:37,359 - INFO - 当前价格: 2941.38
2024-11-08 22:21:37,359 - INFO - 当前价格 2941.38 超过最高限价 2200，继续监控...
2024-11-08 22:21:37,598 - INFO - 当前价格: 2941.45
2024-11-08 22:21:37,599 - INFO - 当前价格 2941.45 超过最高限价 2200，继续监控...
2024-11-08 22:21:37,833 - INFO - 当前价格: 2941.45
2024-11-08 22:21:37,833 - INFO - 当前价格 2941.45 超过最高限价 2200，继续监控...
2024-11-08 22:21:38,085 - INFO - 当前价格: 2941.45
2024-11-08 22:21:38,085 - INFO - 当前价格 2941.45 超过最高限价 2200，继续监控...
2024-11-08 22:21:38,325 - INFO - 当前价格: 2941.45
2024-11-08 22:21:38,326 - INFO - 当前价格 2941.45 超过最高限价 2200，继续监控...
2024-11-08 22:21:38,577 - INFO - 当前价格: 2941.45
2024-11-08 22:21:38,578 - INFO - 当前价格 2941.45 超过最高限价 2200，继续监控...
2024-11-08 22:21:38,810 - INFO - 当前价格: 2941.45
2024-11-08 22:21:38,810 - INFO - 当前价格 2941.45 超过最高限价 2200，继续监控...
2024-11-08 22:21:39,049 - INFO - 当前价格: 2941.45
2024-11-08 22:21:39,050 - INFO - 当前价格 2941.45 超过最高限价 2200，继续监控...
2024-11-08 22:21:39,288 - INFO - 当前价格: 2941.45
2024-11-08 22:21:39,288 - INFO - 当前价格 2941.45 超过最高限价 2200，继续监控...
2024-11-08 22:21:39,543 - INFO - 当前价格: 2941.45
2024-11-08 22:21:39,544 - INFO - 当前价格 2941.45 超过最高限价 2200，继续监控...
2024-11-08 22:21:39,786 - INFO - 当前价格: 2941.45
2024-11-08 22:21:39,786 - INFO - 当前价格 2941.45 超过最高限价 2200，继续监控...
2024-11-08 22:21:40,025 - INFO - 当前价格: 2941.45
2024-11-08 22:21:40,026 - INFO - 当前价格 2941.45 超过最高限价 2200，继续监控...
2024-11-08 22:21:40,776 - INFO - 当前价格: 2941.45
2024-11-08 22:21:40,777 - INFO - 当前价格 2941.45 超过最高限价 2200，继续监控...
2024-11-08 22:21:41,277 - INFO - 当前价格: 2941.44
2024-11-08 22:21:41,278 - INFO - 当前价格 2941.44 超过最高限价 2200，继续监控...
2024-11-08 22:21:41,512 - INFO - 当前价格: 2941.44
2024-11-08 22:21:41,513 - INFO - 当前价格 2941.44 超过最高限价 2200，继续监控...
2024-11-08 22:21:41,756 - INFO - 当前价格: 2941.44
2024-11-08 22:21:41,757 - INFO - 当前价格 2941.44 超过最高限价 2200，继续监控...
2024-11-08 22:21:41,988 - INFO - 当前价格: 2941.76
2024-11-08 22:21:41,989 - INFO - 当前价格 2941.76 超过最高限价 2200，继续监控...
2024-11-08 22:21:42,235 - INFO - 当前价格: 2941.44
2024-11-08 22:21:42,236 - INFO - 当前价格 2941.44 超过最高限价 2200，继续监控...
2024-11-08 22:21:42,490 - INFO - 当前价格: 2941.76
2024-11-08 22:21:42,491 - INFO - 当前价格 2941.76 超过最高限价 2200，继续监控...
2024-11-08 22:21:43,212 - INFO - 当前价格: 2941.8
2024-11-08 22:21:43,213 - INFO - 当前价格 2941.8 超过最高限价 2200，继续监控...
2024-11-08 22:21:43,446 - INFO - 当前价格: 2941.8
2024-11-08 22:21:43,447 - INFO - 当前价格 2941.8 超过最高限价 2200，继续监控...
2024-11-08 22:21:43,688 - INFO - 当前价格: 2941.8
2024-11-08 22:21:43,689 - INFO - 当前价格 2941.8 超过最高限价 2200，继续监控...
2024-11-08 22:21:43,937 - INFO - 当前价格: 2941.8
2024-11-08 22:21:43,938 - INFO - 当前价格 2941.8 超过最高限价 2200，继续监控...
2024-11-08 22:21:44,179 - INFO - 当前价格: 2941.8
2024-11-08 22:21:44,180 - INFO - 当前价格 2941.8 超过最高限价 2200，继续监控...
2024-11-08 22:21:55,857 - INFO - 开始监控 ETH/USDT (测试网环境)
2024-11-08 22:21:55,857 - INFO - 订单类型: market
2024-11-08 22:21:55,857 - INFO - 买入金额: 40 USDT
2024-11-08 22:21:55,858 - INFO - 最高价格: 3000
2024-11-08 22:21:58,543 - INFO - 当前价格: 2941.42
2024-11-08 22:21:58,755 - INFO - 可用USDT余额: 1840.1240161317521, 需要: 40
2024-11-08 22:21:58,903 - ERROR - 下单失败: 'float' object cannot be interpreted as an integer
2024-11-08 22:21:59,153 - INFO - 当前价格: 2941.41
2024-11-08 22:21:59,369 - INFO - 可用USDT余额: 1840.1240161317521, 需要: 40
2024-11-08 22:21:59,798 - ERROR - 下单失败: 'float' object cannot be interpreted as an integer
2024-11-08 22:22:00,049 - INFO - 当前价格: 2941.41
2024-11-08 22:22:00,266 - INFO - 可用USDT余额: 1840.1240161317521, 需要: 40
2024-11-08 22:22:00,421 - ERROR - 下单失败: 'float' object cannot be interpreted as an integer
2024-11-08 22:22:00,664 - INFO - 当前价格: 2941.45
2024-11-08 22:22:00,923 - INFO - 可用USDT余额: 1840.1240161317521, 需要: 40
2024-11-08 22:22:01,073 - ERROR - 下单失败: 'float' object cannot be interpreted as an integer
2024-11-08 22:22:01,324 - INFO - 当前价格: 2941.43
2024-11-08 22:22:01,540 - INFO - 可用USDT余额: 1840.1240161317521, 需要: 40
2024-11-08 22:22:01,690 - ERROR - 下单失败: 'float' object cannot be interpreted as an integer
2024-11-08 22:22:01,936 - INFO - 当前价格: 2941.43
2024-11-08 22:22:02,149 - INFO - 可用USDT余额: 1840.1240161317521, 需要: 40
2024-11-08 22:22:02,304 - ERROR - 下单失败: 'float' object cannot be interpreted as an integer
2024-11-08 22:22:02,561 - INFO - 当前价格: 2941.43
2024-11-08 22:22:02,789 - INFO - 可用USDT余额: 1840.1240161317521, 需要: 40
2024-11-08 22:22:02,939 - ERROR - 下单失败: 'float' object cannot be interpreted as an integer
2024-11-08 22:22:03,192 - INFO - 当前价格: 2941.43
2024-11-08 22:22:03,451 - INFO - 可用USDT余额: 1840.1240161317521, 需要: 40
2024-11-08 22:22:03,597 - ERROR - 下单失败: 'float' object cannot be interpreted as an integer
2024-11-08 22:22:03,847 - INFO - 当前价格: 2941.43
2024-11-08 22:22:04,055 - INFO - 可用USDT余额: 1840.1240161317521, 需要: 40
2024-11-08 22:22:04,204 - ERROR - 下单失败: 'float' object cannot be interpreted as an integer
2024-11-08 22:22:04,481 - INFO - 当前价格: 2940.89
2024-11-08 22:22:04,674 - INFO - 可用USDT余额: 1840.1240161317521, 需要: 40
2024-11-08 22:22:04,826 - ERROR - 下单失败: 'float' object cannot be interpreted as an integer
2024-11-08 22:22:05,085 - INFO - 当前价格: 2940.89
2024-11-08 22:22:05,289 - INFO - 可用USDT余额: 1840.1240161317521, 需要: 40
2024-11-08 22:22:05,786 - ERROR - 下单失败: 'float' object cannot be interpreted as an integer
2024-11-08 22:22:06,052 - INFO - 当前价格: 2940.89
2024-11-08 22:22:06,250 - INFO - 可用USDT余额: 1840.1240161317521, 需要: 40
2024-11-08 22:22:06,398 - ERROR - 下单失败: 'float' object cannot be interpreted as an integer
2024-11-08 22:22:06,647 - INFO - 当前价格: 2940.88
2024-11-08 22:22:06,895 - INFO - 可用USDT余额: 1840.1240161317521, 需要: 40
2024-11-08 22:22:07,048 - ERROR - 下单失败: 'float' object cannot be interpreted as an integer
2024-11-08 22:22:07,300 - INFO - 当前价格: 2940.79
2024-11-08 22:22:07,567 - INFO - 可用USDT余额: 1840.1240161317521, 需要: 40
2024-11-08 22:22:07,725 - ERROR - 下单失败: 'float' object cannot be interpreted as an integer
2024-11-08 22:22:08,249 - INFO - 当前价格: 2940.79
2024-11-08 22:22:08,420 - INFO - 可用USDT余额: 1840.1240161317521, 需要: 40
2024-11-08 22:22:08,882 - ERROR - 下单失败: 'float' object cannot be interpreted as an integer
2024-11-08 22:22:09,136 - INFO - 当前价格: 2940.79
2024-11-08 22:22:09,343 - INFO - 可用USDT余额: 1840.1240161317521, 需要: 40
2024-11-08 22:22:09,490 - ERROR - 下单失败: 'float' object cannot be interpreted as an integer
2024-11-08 22:22:09,740 - INFO - 当前价格: 2940.79
2024-11-08 22:22:09,953 - INFO - 可用USDT余额: 1840.1240161317521, 需要: 40
2024-11-08 22:22:10,106 - ERROR - 下单失败: 'float' object cannot be interpreted as an integer
2024-11-08 22:29:25,837 - INFO - 开始监控 ETH/USDT (测试网环境)
2024-11-08 22:29:25,837 - INFO - 订单类型: market
2024-11-08 22:29:25,837 - INFO - 买入金额: 40 USDT
2024-11-08 22:29:25,838 - INFO - 最高价格: 3000
2024-11-08 22:29:27,977 - INFO - 当前价格: 2944.7
2024-11-08 22:29:28,229 - INFO - 可用USDT余额: 1840.1240161317521, 需要: 40
2024-11-08 22:29:28,382 - ERROR - 计算买入数量失败: Invalid format specifier '.1e-06f' for object of type 'float'
2024-11-08 22:29:28,382 - ERROR - 计算买入数量失败
2024-11-08 22:29:28,635 - INFO - 当前价格: 2944.7
2024-11-08 22:29:28,844 - INFO - 可用USDT余额: 1840.1240161317521, 需要: 40
2024-11-08 22:29:29,044 - ERROR - 计算买入数量失败: Invalid format specifier '.1e-06f' for object of type 'float'
2024-11-08 22:29:29,045 - ERROR - 计算买入数量失败
2024-11-08 22:29:29,301 - INFO - 当前价格: 2944.7
2024-11-08 22:29:29,513 - INFO - 可用USDT余额: 1840.1240161317521, 需要: 40
2024-11-08 22:29:29,666 - ERROR - 计算买入数量失败: Invalid format specifier '.1e-06f' for object of type 'float'
2024-11-08 22:29:29,667 - ERROR - 计算买入数量失败
2024-11-08 22:29:29,930 - INFO - 当前价格: 2944.7
2024-11-08 22:29:30,133 - INFO - 可用USDT余额: 1840.1240161317521, 需要: 40
2024-11-08 22:29:30,301 - ERROR - 计算买入数量失败: Invalid format specifier '.1e-06f' for object of type 'float'
2024-11-08 22:29:30,302 - ERROR - 计算买入数量失败
2024-11-08 22:29:30,554 - INFO - 当前价格: 2944.7
2024-11-08 22:29:30,761 - INFO - 可用USDT余额: 1840.1240161317521, 需要: 40
2024-11-08 22:29:30,905 - ERROR - 计算买入数量失败: Invalid format specifier '.1e-06f' for object of type 'float'
2024-11-08 22:29:30,906 - ERROR - 计算买入数量失败
2024-11-08 22:29:31,160 - INFO - 当前价格: 2944.7
2024-11-08 22:29:31,382 - INFO - 可用USDT余额: 1840.1240161317521, 需要: 40
2024-11-08 22:29:31,530 - ERROR - 计算买入数量失败: Invalid format specifier '.1e-06f' for object of type 'float'
2024-11-08 22:29:31,531 - ERROR - 计算买入数量失败
2024-11-08 22:29:31,780 - INFO - 当前价格: 2944.7
2024-11-08 22:29:32,067 - INFO - 可用USDT余额: 1840.1240161317521, 需要: 40
2024-11-08 22:29:32,558 - ERROR - 计算买入数量失败: Invalid format specifier '.1e-06f' for object of type 'float'
2024-11-08 22:29:32,559 - ERROR - 计算买入数量失败
2024-11-08 22:29:32,836 - INFO - 当前价格: 2944.7
2024-11-08 22:29:33,048 - INFO - 可用USDT余额: 1840.1240161317521, 需要: 40
2024-11-08 22:29:33,215 - ERROR - 计算买入数量失败: Invalid format specifier '.1e-06f' for object of type 'float'
2024-11-08 22:29:33,216 - ERROR - 计算买入数量失败
2024-11-08 22:29:33,488 - INFO - 当前价格: 2944.7
2024-11-08 22:29:33,753 - INFO - 可用USDT余额: 1840.1240161317521, 需要: 40
2024-11-08 22:29:33,899 - ERROR - 计算买入数量失败: Invalid format specifier '.1e-06f' for object of type 'float'
2024-11-08 22:29:33,900 - ERROR - 计算买入数量失败
2024-11-08 22:29:34,152 - INFO - 当前价格: 2944.7
2024-11-08 22:29:34,379 - INFO - 可用USDT余额: 1840.1240161317521, 需要: 40
2024-11-08 22:29:34,534 - ERROR - 计算买入数量失败: Invalid format specifier '.1e-06f' for object of type 'float'
2024-11-08 22:29:34,535 - ERROR - 计算买入数量失败
2024-11-08 22:29:34,805 - INFO - 当前价格: 2945.39
2024-11-08 22:29:35,012 - INFO - 可用USDT余额: 1840.1240161317521, 需要: 40
2024-11-08 22:29:35,157 - ERROR - 计算买入数量失败: Invalid format specifier '.1e-06f' for object of type 'float'
2024-11-08 22:29:35,158 - ERROR - 计算买入数量失败
2024-11-08 22:29:35,484 - INFO - 当前价格: 2945.39
2024-11-08 22:29:35,676 - INFO - 可用USDT余额: 1840.1240161317521, 需要: 40
2024-11-08 22:29:35,826 - ERROR - 计算买入数量失败: Invalid format specifier '.1e-06f' for object of type 'float'
2024-11-08 22:29:35,827 - ERROR - 计算买入数量失败
2024-11-08 22:29:36,103 - INFO - 当前价格: 2945.39
2024-11-08 22:29:36,307 - INFO - 可用USDT余额: 1840.1240161317521, 需要: 40
2024-11-08 22:29:36,452 - ERROR - 计算买入数量失败: Invalid format specifier '.1e-06f' for object of type 'float'
2024-11-08 22:29:36,453 - ERROR - 计算买入数量失败
2024-11-08 22:29:36,704 - INFO - 当前价格: 2945.39
2024-11-08 22:29:36,929 - INFO - 可用USDT余额: 1840.1240161317521, 需要: 40
2024-11-08 22:29:37,099 - ERROR - 计算买入数量失败: Invalid format specifier '.1e-06f' for object of type 'float'
2024-11-08 22:29:37,099 - ERROR - 计算买入数量失败
2024-11-08 22:29:37,367 - INFO - 当前价格: 2945.39
2024-11-08 22:29:37,631 - INFO - 可用USDT余额: 1840.1240161317521, 需要: 40
2024-11-08 22:29:37,793 - ERROR - 计算买入数量失败: Invalid format specifier '.1e-06f' for object of type 'float'
2024-11-08 22:29:37,794 - ERROR - 计算买入数量失败
2024-11-08 22:29:38,048 - INFO - 当前价格: 2945.39
2024-11-08 22:29:38,302 - INFO - 可用USDT余额: 1840.1240161317521, 需要: 40
2024-11-08 22:29:38,771 - ERROR - 计算买入数量失败: Invalid format specifier '.1e-06f' for object of type 'float'
2024-11-08 22:29:38,772 - ERROR - 计算买入数量失败
2024-11-08 22:29:39,040 - INFO - 当前价格: 2945.39
2024-11-08 22:29:39,300 - INFO - 可用USDT余额: 1840.1240161317521, 需要: 40
2024-11-08 22:29:39,462 - ERROR - 计算买入数量失败: Invalid format specifier '.1e-06f' for object of type 'float'
2024-11-08 22:29:39,463 - ERROR - 计算买入数量失败
2024-11-08 22:29:39,725 - INFO - 当前价格: 2945.39
2024-11-08 22:29:39,945 - INFO - 可用USDT余额: 1840.1240161317521, 需要: 40
2024-11-08 22:29:40,149 - ERROR - 计算买入数量失败: Invalid format specifier '.1e-06f' for object of type 'float'
2024-11-08 22:29:40,149 - ERROR - 计算买入数量失败
2024-11-08 22:29:40,497 - INFO - 当前价格: 2945.39
2024-11-08 22:29:40,667 - INFO - 可用USDT余额: 1840.1240161317521, 需要: 40
2024-11-08 22:29:40,820 - ERROR - 计算买入数量失败: Invalid format specifier '.1e-06f' for object of type 'float'
2024-11-08 22:29:40,820 - ERROR - 计算买入数量失败
2024-11-08 22:29:41,065 - INFO - 当前价格: 2945.39
2024-11-08 22:29:41,326 - INFO - 可用USDT余额: 1840.1240161317521, 需要: 40
2024-11-08 22:29:41,504 - ERROR - 计算买入数量失败: Invalid format specifier '.1e-06f' for object of type 'float'
2024-11-08 22:29:41,505 - ERROR - 计算买入数量失败
2024-11-08 22:29:41,848 - INFO - 当前价格: 2945.39
2024-11-08 22:29:42,020 - INFO - 可用USDT余额: 1840.1240161317521, 需要: 40
2024-11-08 22:29:42,511 - ERROR - 计算买入数量失败: Invalid format specifier '.1e-06f' for object of type 'float'
2024-11-08 22:29:42,511 - ERROR - 计算买入数量失败
2024-11-08 22:29:42,809 - INFO - 当前价格: 2945.39
2024-11-08 22:29:42,988 - INFO - 可用USDT余额: 1840.1240161317521, 需要: 40
2024-11-08 22:29:43,140 - ERROR - 计算买入数量失败: Invalid format specifier '.1e-06f' for object of type 'float'
2024-11-08 22:29:43,141 - ERROR - 计算买入数量失败
2024-11-08 22:29:43,390 - INFO - 当前价格: 2945.39
2024-11-08 22:29:43,654 - INFO - 可用USDT余额: 1840.1240161317521, 需要: 40
2024-11-08 22:29:43,822 - ERROR - 计算买入数量失败: Invalid format specifier '.1e-06f' for object of type 'float'
2024-11-08 22:29:43,823 - ERROR - 计算买入数量失败
2024-11-08 22:29:44,095 - INFO - 当前价格: 2945.39
2024-11-08 22:29:44,354 - INFO - 可用USDT余额: 1840.1240161317521, 需要: 40
2024-11-08 22:29:44,508 - ERROR - 计算买入数量失败: Invalid format specifier '.1e-06f' for object of type 'float'
2024-11-08 22:29:44,509 - ERROR - 计算买入数量失败
2024-11-08 22:29:44,770 - INFO - 当前价格: 2946.58
2024-11-08 22:29:45,000 - INFO - 可用USDT余额: 1840.1240161317521, 需要: 40
2024-11-08 22:29:45,163 - ERROR - 计算买入数量失败: Invalid format specifier '.1e-06f' for object of type 'float'
2024-11-08 22:29:45,163 - ERROR - 计算买入数量失败
2024-11-08 22:29:45,461 - INFO - 当前价格: 2946.78
2024-11-08 22:29:45,651 - INFO - 可用USDT余额: 1840.1240161317521, 需要: 40
2024-11-08 22:29:45,821 - ERROR - 计算买入数量失败: Invalid format specifier '.1e-06f' for object of type 'float'
2024-11-08 22:29:45,821 - ERROR - 计算买入数量失败
2024-11-08 22:29:46,164 - INFO - 当前价格: 2946.78
2024-11-08 22:29:46,435 - INFO - 可用USDT余额: 1840.1240161317521, 需要: 40
2024-11-08 22:29:46,729 - ERROR - 计算买入数量失败: Invalid format specifier '.1e-06f' for object of type 'float'
2024-11-08 22:29:46,730 - ERROR - 计算买入数量失败
2024-11-08 22:30:30,410 - INFO - 开始监控 ETH/USDT (测试网环境)
2024-11-08 22:30:30,410 - INFO - 订单类型: market
2024-11-08 22:30:30,410 - INFO - 买入金额: 40 USDT
2024-11-08 22:30:30,411 - INFO - 最高价格: 3000
2024-11-08 22:30:32,660 - INFO - 当前价格: 2948.35
2024-11-08 22:30:32,891 - INFO - 可用USDT余额: 1840.1240161317521, 需要: 40
2024-11-08 22:30:33,044 - ERROR - 计算买入数量失败: Invalid format specifier '.1e-06f' for object of type 'float'
2024-11-08 22:30:33,045 - ERROR - 计算买入数量失败
2024-11-08 22:30:33,307 - INFO - 当前价格: 2948.2
2024-11-08 22:30:33,526 - INFO - 可用USDT余额: 1840.1240161317521, 需要: 40
2024-11-08 22:30:33,682 - ERROR - 计算买入数量失败: Invalid format specifier '.1e-06f' for object of type 'float'
2024-11-08 22:30:33,683 - ERROR - 计算买入数量失败
2024-11-08 22:30:33,940 - INFO - 当前价格: 2948.2
2024-11-08 22:30:34,160 - INFO - 可用USDT余额: 1840.1240161317521, 需要: 40
2024-11-08 22:30:34,320 - ERROR - 计算买入数量失败: Invalid format specifier '.1e-06f' for object of type 'float'
2024-11-08 22:30:34,321 - ERROR - 计算买入数量失败
2024-11-08 22:30:34,575 - INFO - 当前价格: 2948.1
2024-11-08 22:30:34,782 - INFO - 可用USDT余额: 1840.1240161317521, 需要: 40
2024-11-08 22:30:34,937 - ERROR - 计算买入数量失败: Invalid format specifier '.1e-06f' for object of type 'float'
2024-11-08 22:30:34,938 - ERROR - 计算买入数量失败
2024-11-08 22:30:35,194 - INFO - 当前价格: 2948.1
2024-11-08 22:30:35,405 - INFO - 可用USDT余额: 1840.1240161317521, 需要: 40
2024-11-08 22:30:35,565 - ERROR - 计算买入数量失败: Invalid format specifier '.1e-06f' for object of type 'float'
2024-11-08 22:30:35,566 - ERROR - 计算买入数量失败
2024-11-08 22:30:35,827 - INFO - 当前价格: 2948.06
2024-11-08 22:40:28,663 - INFO - 开始监控 ETH/USDT (测试网环境)
2024-11-08 22:40:28,663 - INFO - 订单类型: market
2024-11-08 22:40:28,664 - INFO - 买入金额: 40 USDT
2024-11-08 22:40:28,664 - INFO - 最高价格: 3000
2024-11-08 22:40:30,466 - INFO - 当前价格: 2928.99
2024-11-08 22:40:30,675 - INFO - 可用USDT余额: 1840.1240161317521, 需要: 40
2024-11-08 22:40:30,822 - INFO - 计算买入数量: 0.013654207202594299 -> 0.0137
2024-11-08 22:40:30,822 - INFO - 准备下单: 数量=0.0137, 预计金额≈40 USDT
2024-11-08 22:40:30,983 - ERROR - 下单失败: okx {"code":"1","data":[{"clOrdId":"e847386590ce4dBC674b31aa1d32610b","ordId":"","sCode":"51020","sMsg":"Order amount should be greater than the minimum available amount","tag":"e847386590ce4dBC","ts":"1731076834979"}],"inTime":"1731076834979586","msg":"","outTime":"1731076834979882"}
2024-11-08 22:40:31,499 - INFO - 当前价格: 2929.5
2024-11-08 22:42:45,708 - ERROR - 程序初始化错误: okx markets not loaded
2024-11-08 22:52:23,889 - INFO - 正在加载市场数据...
2024-11-08 22:52:25,204 - INFO - 市场数据加载完成
2024-11-08 22:52:25,204 - INFO - 正在重新加载市场数据...
2024-11-08 22:52:25,204 - INFO - 市场数据加载完成
2024-11-08 22:52:25,204 - INFO - --------------------------------------------------
2024-11-08 22:52:25,204 - INFO - 开始监控 ETH/USDT (测试网环境)
2024-11-08 22:52:25,204 - INFO - 订单类型: market
2024-11-08 22:52:25,204 - INFO - 买入金额: 100 USDT
2024-11-08 22:52:25,204 - INFO - 最小交易金额: None USDT
2024-11-08 22:52:25,204 - INFO - 最小交易数量: 0.0001
2024-11-08 22:52:25,204 - INFO - 最高价格: 3000
2024-11-08 22:52:25,204 - INFO - --------------------------------------------------
2024-11-08 22:52:25,357 - INFO - 当前价格: 2919.8
2024-11-08 22:52:25,622 - INFO - 可用USDT余额: 1840.1240161317521, 需要: 100
2024-11-08 22:52:25,787 - INFO - 计算买入数量: 0.03424892115898349 -> 0.0342 (最小数量: 0.0001)
2024-11-08 22:52:25,787 - INFO - 准备下单: 数量=0.0342, 预计金额≈100 USDT
2024-11-08 22:52:25,963 - ERROR - 下单失败: okx {"code":"1","data":[{"clOrdId":"e847386590ce4dBC1255ae4b40436b1d","ordId":"","sCode":"51020","sMsg":"Order amount should be greater than the minimum available amount","tag":"e847386590ce4dBC","ts":"1731077549949"}],"inTime":"1731077549948832","msg":"","outTime":"1731077549949063"}
2024-11-08 22:52:25,963 - ERROR - 下单失败，继续监控...
2024-11-08 22:52:27,103 - INFO - 当前价格: 2919.71
2024-11-08 22:52:27,318 - INFO - 可用USDT余额: 1840.1240161317521, 需要: 100
2024-11-08 22:52:27,470 - INFO - 计算买入数量: 0.034249976881265604 -> 0.0342 (最小数量: 0.0001)
2024-11-08 22:52:27,470 - INFO - 准备下单: 数量=0.0342, 预计金额≈100 USDT
2024-11-08 22:52:27,621 - ERROR - 下单失败: okx {"code":"1","data":[{"clOrdId":"e847386590ce4dBCe4fbd93518d76600","ordId":"","sCode":"51020","sMsg":"Order amount should be greater than the minimum available amount","tag":"e847386590ce4dBC","ts":"1731077551615"}],"inTime":"1731077551614973","msg":"","outTime":"1731077551615249"}
2024-11-08 22:52:27,623 - ERROR - 下单失败，继续监控...
2024-11-08 22:52:28,773 - INFO - 当前价格: 2919.3
2024-11-08 22:52:28,979 - INFO - 可用USDT余额: 1840.1240161317521, 需要: 100
2024-11-08 22:52:29,124 - INFO - 计算买入数量: 0.03425478710649813 -> 0.0343 (最小数量: 0.0001)
2024-11-08 22:52:29,124 - INFO - 准备下单: 数量=0.0343, 预计金额≈100 USDT
2024-11-08 22:52:29,271 - ERROR - 下单失败: okx {"code":"1","data":[{"clOrdId":"e847386590ce4dBC26de749d48a6aed","ordId":"","sCode":"51020","sMsg":"Order amount should be greater than the minimum available amount","tag":"e847386590ce4dBC","ts":"1731077553266"}],"inTime":"1731077553266544","msg":"","outTime":"1731077553266763"}
2024-11-08 22:52:29,272 - ERROR - 下单失败，继续监控...
2024-11-08 22:52:29,529 - INFO - 
程序被手动中断
2024-11-08 22:52:29,529 - INFO - --------------------------------------------------
2024-11-08 22:53:52,368 - INFO - 正在加载市场数据...
2024-11-08 22:53:53,904 - INFO - 市场数据加载完成
2024-11-08 22:53:53,904 - INFO - 正在重新加载市场数据...
2024-11-08 22:53:53,904 - INFO - 市场数据加载完成
2024-11-08 22:53:53,904 - INFO - --------------------------------------------------
2024-11-08 22:53:53,904 - INFO - 开始监控 ETH/USDT (测试网环境)
2024-11-08 22:53:53,904 - INFO - 订单类型: market
2024-11-08 22:53:53,904 - INFO - 买入金额: 100 USDT
2024-11-08 22:53:53,904 - INFO - 最小交易金额: None USDT
2024-11-08 22:53:53,904 - INFO - 最小交易数量: 0.0001
2024-11-08 22:53:53,904 - INFO - 最高价格: 3000
2024-11-08 22:53:53,904 - INFO - --------------------------------------------------
2024-11-08 22:53:54,162 - INFO - 当前价格: 2923.5
2024-11-08 22:53:54,333 - INFO - 可用USDT余额: 1840.1240161317521, 需要: 100
2024-11-08 22:53:54,615 - INFO - 计算买入数量: 0.034205575508807935 -> 0.0342 (最小数量: 0.0001)
2024-11-08 22:53:54,615 - INFO - 准备下单: 数量=0.0342, 预计金额≈100 USDT
2024-11-08 22:53:54,894 - ERROR - 下单失败: okx {"code":"1","data":[{"clOrdId":"e847386590ce4dBCb80daee31427b32","ordId":"","sCode":"51020","sMsg":"Order amount should be greater than the minimum available amount","tag":"e847386590ce4dBC","ts":"1731077638821"}],"inTime":"1731077638821211","msg":"","outTime":"1731077638821456"}
2024-11-08 22:53:54,894 - ERROR - 下单失败，继续监控...
2024-11-08 22:53:56,190 - INFO - 当前价格: 2921.0
2024-11-08 22:53:56,452 - INFO - 
程序被手动中断
2024-11-08 22:53:56,453 - INFO - --------------------------------------------------
2024-11-08 22:55:38,554 - INFO - 正在加载市场数据...
2024-11-08 22:55:40,208 - INFO - 市场数据加载完成
2024-11-08 22:55:40,208 - INFO - 正在重新加载市场数据...
2024-11-08 22:55:40,224 - INFO - 市场数据加载完成
2024-11-08 22:55:40,224 - INFO - --------------------------------------------------
2024-11-08 22:55:40,224 - INFO - 开始监控 ETH/USDT (测试网环境)
2024-11-08 22:55:40,224 - INFO - 订单类型: market
2024-11-08 22:55:40,224 - INFO - 买入金额: 100 USDT
2024-11-08 22:55:40,224 - INFO - 最小交易金额: None USDT
2024-11-08 22:55:40,224 - INFO - 最小交易数量: 0.0001
2024-11-08 22:55:40,224 - INFO - 最高价格: 3000
2024-11-08 22:55:40,224 - INFO - --------------------------------------------------
2024-11-08 22:55:40,403 - INFO - 当前价格: 2919.57
2024-11-08 22:55:40,613 - INFO - 可用USDT余额: 1840.1240161317521, 需要: 100
2024-11-08 22:55:40,790 - INFO - 计算买入数量: 0.03425161924529982 -> 0.0343 (最小数量: 0.0001)
2024-11-08 22:55:40,790 - INFO - 准备下单: 数量=0.0343, 预计金额≈100 USDT
2024-11-08 22:55:40,972 - ERROR - 下单失败: okx {"code":"1","data":[{"clOrdId":"e847386590ce4dBC8d0cdaca968733b9","ordId":"","sCode":"51020","sMsg":"Order amount should be greater than the minimum available amount","tag":"e847386590ce4dBC","ts":"1731077744960"}],"inTime":"1731077744960299","msg":"","outTime":"1731077744960562"}
2024-11-08 22:55:40,973 - ERROR - 下单失败，继续监控...
2024-11-08 22:55:42,181 - INFO - 当前价格: 2919.77
2024-11-08 22:55:42,380 - INFO - 可用USDT余额: 1840.1240161317521, 需要: 100
2024-11-08 22:55:42,561 - INFO - 计算买入数量: 0.03424927305917932 -> 0.0342 (最小数量: 0.0001)
2024-11-08 22:55:42,561 - INFO - 准备下单: 数量=0.0342, 预计金额≈100 USDT
2024-11-08 22:55:42,743 - INFO - 
程序被手动中断
2024-11-08 22:55:42,744 - INFO - --------------------------------------------------
2024-11-08 22:58:25,244 - INFO - 正在加载市场数据...
2024-11-08 22:58:26,789 - INFO - 市场数据加载完成
2024-11-08 22:58:26,789 - INFO - 正在重新加载市场数据...
2024-11-08 22:58:26,789 - INFO - 市场数据加载完成
2024-11-08 22:58:26,789 - INFO - --------------------------------------------------
2024-11-08 22:58:26,789 - INFO - 开始监控 ETH/USDT (测试网环境)
2024-11-08 22:58:26,789 - INFO - 订单类型: market
2024-11-08 22:58:26,789 - INFO - 买入金额: 100 USDT
2024-11-08 22:58:26,789 - INFO - 最小交易金额: None USDT
2024-11-08 22:58:26,789 - INFO - 最小交易数量: 0.0001
2024-11-08 22:58:26,789 - INFO - 最高价格: 3000
2024-11-08 22:58:26,789 - INFO - --------------------------------------------------
2024-11-08 22:58:26,955 - INFO - 当前价格: 2914.4
2024-11-08 22:58:27,298 - INFO - 可用USDT余额: 1840.1240161317521, 需要: 100
2024-11-08 22:58:27,639 - INFO - 准备下单: 数量=0.0343, 预计金额≈100 USDT
2024-11-08 22:58:27,806 - ERROR - 下单失败: okx {"code":"1","data":[{"clOrdId":"e847386590ce4dBC379f4f70691fafb5","ordId":"","sCode":"51020","sMsg":"Order amount should be greater than the minimum available amount","tag":"e847386590ce4dBC","ts":"1731077911785"}],"inTime":"1731077911785266","msg":"","outTime":"1731077911785491"}
2024-11-08 22:58:27,806 - ERROR - 下单失败，继续监控...
2024-11-08 22:58:28,410 - INFO - 
程序被手动中断
2024-11-08 22:58:28,411 - INFO - --------------------------------------------------
2024-11-08 23:00:36,270 - INFO - 正在加载市场数据...
2024-11-08 23:00:38,372 - INFO - 市场数据加载完成
2024-11-08 23:00:38,372 - INFO - 正在重新加载市场数据...
2024-11-08 23:00:38,372 - INFO - 市场数据加载完成
2024-11-08 23:00:38,373 - INFO - --------------------------------------------------
2024-11-08 23:00:38,373 - INFO - 开始监控 ETH/USDT (测试网环境)
2024-11-08 23:00:38,373 - INFO - 订单类型: market
2024-11-08 23:00:38,373 - INFO - 买入金额: 100 USDT
2024-11-08 23:00:38,373 - INFO - 最小交易金额: None USDT
2024-11-08 23:00:38,374 - INFO - 最小交易数量: 0.0001
2024-11-08 23:00:38,374 - INFO - 最高价格: 3000
2024-11-08 23:00:38,374 - INFO - --------------------------------------------------
2024-11-08 23:00:38,556 - INFO - 当前价格: 2917.84
2024-11-08 23:00:38,795 - INFO - 可用USDT余额: 1840.1240161317521, 需要: 100
2024-11-08 23:00:38,970 - INFO - 计算入数量: 0.034348916291691 -> 0.0343 (最小数量: 0.0001)
2024-11-08 23:00:38,970 - INFO - 当前价格: 2911.3, 计算出的买入数量: 0.0343, 最小交易量: 0.0001
2024-11-08 23:00:38,970 - INFO - 准备下单: 数量=0.0343, 预计金额≈100 USDT
2024-11-08 23:00:39,143 - ERROR - 下单失败: okx {"code":"1","data":[{"clOrdId":"e847386590ce4dBCf644444d3f8fac25","ordId":"","sCode":"51020","sMsg":"Order amount should be greater than the minimum available amount","tag":"e847386590ce4dBC","ts":"1731078043109"}],"inTime":"1731078043109541","msg":"","outTime":"1731078043109793"}
2024-11-08 23:00:39,143 - ERROR - 下单失败，继续监控...
2024-11-08 23:00:39,689 - INFO - 
程序被手动中断
2024-11-08 23:00:39,689 - INFO - --------------------------------------------------
2024-11-08 23:02:04,469 - INFO - 正在加载市场数据...
2024-11-08 23:02:07,499 - INFO - 市场数据加载完成
2024-11-08 23:02:07,499 - INFO - 正在重新加载市场数据...
2024-11-08 23:02:07,499 - INFO - 市场数据加载完成
2024-11-08 23:02:07,499 - INFO - --------------------------------------------------
2024-11-08 23:02:07,499 - INFO - 开始监控 ETH/USDT (测试网环境)
2024-11-08 23:02:07,499 - INFO - 订单类型: market
2024-11-08 23:02:07,499 - INFO - 买入金额: 100 USDT
2024-11-08 23:02:07,499 - INFO - 最小交易金额: None USDT
2024-11-08 23:02:07,499 - INFO - 最小交易数量: 0.0001
2024-11-08 23:02:07,499 - INFO - 最高价格: 3000
2024-11-08 23:02:07,499 - INFO - --------------------------------------------------
2024-11-08 23:02:07,796 - INFO - 当前价格: 2913.17
2024-11-08 23:02:08,083 - INFO - 可用USDT余额: 1840.1240161317521, 需要: 100
2024-11-08 23:02:08,753 - INFO - 计算入数量: 0.03432686729576372 -> 0.0343 (最小数量: 0.0001)
2024-11-08 23:02:08,753 - INFO - 当前价格: 2913.17, 计算出的买入数量: 0.0343, 最小交易量: 0.0001
2024-11-08 23:02:08,753 - INFO - 准备下单: 数量=0.0343, 预计金额≈100 USDT
2024-11-08 23:02:08,985 - ERROR - 下单失败: okx {"code":"1","data":[{"clOrdId":"e847386590ce4dBC8abbd5c5834043c2","ordId":"","sCode":"51020","sMsg":"Order amount should be greater than the minimum available amount","tag":"e847386590ce4dBC","ts":"1731078132933"}],"inTime":"1731078132933038","msg":"","outTime":"1731078132937541"}
2024-11-08 23:02:08,985 - ERROR - 下单失败，继续监控...
2024-11-08 23:02:10,359 - INFO - 当前价格: 2913.66
2024-11-08 23:02:10,522 - INFO - 可用USDT余额: 1840.1240161317521, 需要: 100
2024-11-08 23:02:10,682 - INFO - 计算入数量: 0.03432109443105922 -> 0.0343 (最小数量: 0.0001)
2024-11-08 23:02:10,682 - INFO - 当前价格: 2913.66, 计算出的买入数量: 0.0343, 最小交易量: 0.0001
2024-11-08 23:02:10,682 - INFO - 准备下单: 数量=0.0343, 预计金额≈100 USDT
2024-11-08 23:02:10,860 - ERROR - 下单失败: okx {"code":"1","data":[{"clOrdId":"e847386590ce4dBCb45b0fa5f7322fc3","ordId":"","sCode":"51020","sMsg":"Order amount should be greater than the minimum available amount","tag":"e847386590ce4dBC","ts":"1731078134831"}],"inTime":"1731078134830636","msg":"","outTime":"1731078134831115"}
2024-11-08 23:02:10,860 - ERROR - 下单失败，继续监控...
2024-11-08 23:02:10,937 - INFO - --------------------------------------------------
2024-11-08 23:03:46,922 - INFO - 正在加载市场数据...
2024-11-08 23:03:48,536 - INFO - 市场数据加载完成
2024-11-08 23:03:48,536 - INFO - 正在重新加载市场数据...
2024-11-08 23:03:48,536 - INFO - 市场数据加载完成
2024-11-08 23:03:48,536 - INFO - --------------------------------------------------
2024-11-08 23:03:48,536 - INFO - 开始监控 ETH/USDT (测试网环境)
2024-11-08 23:03:48,536 - INFO - 订单类型: market
2024-11-08 23:03:48,536 - INFO - 买入金额: 100 USDT
2024-11-08 23:03:48,536 - INFO - 最小交易金额: None USDT
2024-11-08 23:03:48,536 - INFO - 最小交易数量: 0.0001
2024-11-08 23:03:48,536 - INFO - 最高价格: 3000
2024-11-08 23:03:48,536 - INFO - --------------------------------------------------
2024-11-08 23:03:48,696 - INFO - 当前价格: 2917.33
2024-11-08 23:03:48,907 - INFO - 可用USDT余额: 1840.1240161317521, 需要: 100
2024-11-08 23:03:49,079 - INFO - 计算入数量: 0.03427568619923771 -> 0.0343 (最小数量: 0.0001)
2024-11-08 23:03:49,080 - INFO - 当前价格: 2917.52, 计算出的买入数量: 0.0343, 最小交易量: 0.0001
2024-11-08 23:03:49,080 - INFO - 准备下单: 数量=0.0343, 预计金额≈100 USDT
2024-11-08 23:03:49,244 - ERROR - 下单失败: okx {"code":"1","data":[{"clOrdId":"e847386590ce4dBC4538ff713a47bc8f","ordId":"","sCode":"51020","sMsg":"Order amount should be greater than the minimum available amount","tag":"e847386590ce4dBC","ts":"1731078233219"}],"inTime":"1731078233219279","msg":"","outTime":"1731078233219503"}
2024-11-08 23:03:49,244 - ERROR - 下单失败，继续监控...
2024-11-08 23:03:50,402 - INFO - 当前价格: 2917.2
2024-11-08 23:03:50,794 - INFO - 可用USDT余额: 1840.1240161317521, 需要: 100
2024-11-08 23:03:50,953 - INFO - 计算入数量: 0.03427944604415193 -> 0.0343 (最小数量: 0.0001)
2024-11-08 23:03:50,953 - INFO - 当前价格: 2917.2, 计算出的买入数量: 0.0343, 最小交易量: 0.0001
2024-11-08 23:03:50,953 - INFO - 准备下单: 数量=0.0343, 预计金额≈100 USDT
2024-11-08 23:03:51,115 - ERROR - 下单失败: okx {"code":"1","data":[{"clOrdId":"e847386590ce4dBCe7f52d89dde663b0","ordId":"","sCode":"51020","sMsg":"Order amount should be greater than the minimum available amount","tag":"e847386590ce4dBC","ts":"1731078235090"}],"inTime":"1731078235089985","msg":"","outTime":"1731078235090309"}
2024-11-08 23:03:51,115 - ERROR - 下单失败，继续监控...
2024-11-08 23:03:51,530 - INFO - 
程序被手动中断
2024-11-08 23:03:51,530 - INFO - --------------------------------------------------
2024-11-08 23:04:45,503 - INFO - 正在加载市场数据...
2024-11-08 23:04:47,110 - INFO - 市场数据加载完成
2024-11-08 23:04:47,111 - INFO - 正在重新加载市场数据...
2024-11-08 23:04:47,111 - INFO - 市场数据加载完成
2024-11-08 23:04:47,111 - INFO - --------------------------------------------------
2024-11-08 23:04:47,111 - INFO - 开始监控 ETH/USDT (测试网环境)
2024-11-08 23:04:47,112 - INFO - 订单类型: market
2024-11-08 23:04:47,112 - INFO - 买入金额: 100 USDT
2024-11-08 23:04:47,112 - INFO - 最小交易金额: None USDT
2024-11-08 23:04:47,112 - INFO - 最小交易数量: 0.0001
2024-11-08 23:04:47,112 - INFO - 最高价格: 3000
2024-11-08 23:04:47,113 - INFO - --------------------------------------------------
2024-11-08 23:04:47,261 - INFO - 当前价格: 2918.45
2024-11-08 23:04:47,470 - INFO - 可用USDT余额: 1840.1240161317521, 需要: 100
2024-11-08 23:04:47,618 - INFO - 计算入数量: 0.034264763830115307 -> 0.0343 (最小数量: 0.0001)
2024-11-08 23:04:47,618 - INFO - 当前价格: 2918.45, 计算出的买入数量: 0.0343, 最小交易量: 0.0001
2024-11-08 23:04:47,618 - INFO - 准备下单: 数量=0.0343, 预计金额≈100 USDT
2024-11-08 23:04:47,818 - ERROR - 下单失败: okx {"code":"1","data":[{"clOrdId":"e847386590ce4dBCd944b20b06dd962a","ordId":"","sCode":"51020","sMsg":"Order amount should be greater than the minimum available amount","tag":"e847386590ce4dBC","ts":"1731078291798"}],"inTime":"1731078291798439","msg":"","outTime":"1731078291798823"}
2024-11-08 23:04:47,820 - ERROR - 下单失败，继续监控...
2024-11-08 23:04:48,999 - INFO - 当前价格: 2913.06
2024-11-08 23:04:49,200 - INFO - 可用USDT余额: 1840.1240161317521, 需要: 100
2024-11-08 23:04:49,355 - INFO - 计算入数量: 0.03432816351190844 -> 0.0343 (最小数量: 0.0001)
2024-11-08 23:04:49,355 - INFO - 当前价格: 2913.06, 计算出的买入数量: 0.0343, 最小交易量: 0.0001
2024-11-08 23:04:49,355 - INFO - 准备下单: 数量=0.0343, 预计金额≈100 USDT
2024-11-08 23:04:49,514 - ERROR - 下单失败: okx {"code":"1","data":[{"clOrdId":"e847386590ce4dBCafbbdac021775b34","ordId":"","sCode":"51020","sMsg":"Order amount should be greater than the minimum available amount","tag":"e847386590ce4dBC","ts":"1731078293491"}],"inTime":"1731078293491486","msg":"","outTime":"1731078293491815"}
2024-11-08 23:04:49,514 - ERROR - 下单失败，继续监控...
2024-11-08 23:04:50,180 - INFO - 
程序被手动中断
2024-11-08 23:04:50,180 - INFO - --------------------------------------------------
2024-11-08 23:07:10,893 - INFO - 正在加载市场数据...
2024-11-08 23:07:12,467 - INFO - 市场数据加载完成
2024-11-08 23:07:12,467 - INFO - 正在重新加载市场数据...
2024-11-08 23:07:12,467 - INFO - 市场数据加载完成
2024-11-08 23:07:12,467 - INFO - --------------------------------------------------
2024-11-08 23:07:12,467 - INFO - 开始监控 ETH/USDT (测试网环境)
2024-11-08 23:07:12,467 - INFO - 订单类型: market
2024-11-08 23:07:12,467 - INFO - 买入金额: 100 USDT
2024-11-08 23:07:12,467 - INFO - 最小交易金额: None USDT
2024-11-08 23:07:12,467 - INFO - 最小交易数量: 0.0001
2024-11-08 23:07:12,467 - INFO - 最高价格: 3000
2024-11-08 23:07:12,467 - INFO - --------------------------------------------------
2024-11-08 23:07:12,628 - INFO - 当前价格: 2907.25
2024-11-08 23:07:13,231 - INFO - 可用USDT余额: 1840.1240161317521, 需要: 100
2024-11-08 23:07:13,404 - INFO - 计算入数量: 0.034167475296915356 -> 0.0342 (最小数量: 0.0001)
2024-11-08 23:07:13,404 - INFO - 当前价格: 2926.76, 计算出的买入数量: 0.0342, 最小交易量: 0.0001
2024-11-08 23:07:13,404 - INFO - 准备下单: 数量=0.0342, 预计金额≈100 USDT
2024-11-08 23:07:13,564 - ERROR - 下单失败: okx {"code":"1","data":[{"clOrdId":"e847386590ce4dBC9b1fda9782f4325e","ordId":"","sCode":"51020","sMsg":"Order amount should be greater than the minimum available amount","tag":"e847386590ce4dBC","ts":"1731078437541"}],"inTime":"1731078437541588","msg":"","outTime":"1731078437541810"}
2024-11-08 23:07:13,564 - ERROR - 下单失败，继续监控...
2024-11-08 23:07:14,708 - INFO - 当前价格: 2926.77
2024-11-08 23:07:14,937 - INFO - 可用USDT余额: 1840.1240161317521, 需要: 100
2024-11-08 23:07:15,084 - INFO - 计算入数量: 0.034172379149381135 -> 0.0342 (最小数量: 0.0001)
2024-11-08 23:07:15,085 - INFO - 当前价格: 2926.34, 计算出的买入数量: 0.0342, 最小交易量: 0.0001
2024-11-08 23:07:15,085 - INFO - 准备下单: 数量=0.0342, 预计金额≈100 USDT
2024-11-08 23:07:15,222 - ERROR - 下单失败: okx {"code":"1","data":[{"clOrdId":"e847386590ce4dBC7074818c2e416615","ordId":"","sCode":"51020","sMsg":"Order amount should be greater than the minimum available amount","tag":"e847386590ce4dBC","ts":"1731078439209"}],"inTime":"1731078439209285","msg":"","outTime":"1731078439209491"}
2024-11-08 23:07:15,223 - ERROR - 下单失败，继续监控...
2024-11-08 23:07:16,381 - INFO - 当前价格: 2926.34
2024-11-08 23:07:16,627 - INFO - 可用USDT余额: 1840.1240161317521, 需要: 100
2024-11-08 23:07:16,790 - INFO - 计算入数量: 0.034172379149381135 -> 0.0342 (最小数量: 0.0001)
2024-11-08 23:07:16,791 - INFO - 当前价格: 2926.34, 计算出的买入数量: 0.0342, 最小交易量: 0.0001
2024-11-08 23:07:16,791 - INFO - 准备下单: 数量=0.0342, 预计金额≈100 USDT
2024-11-08 23:07:16,947 - ERROR - 下单失败: okx {"code":"1","data":[{"clOrdId":"e847386590ce4dBC31f8d14287ac33cb","ordId":"","sCode":"51020","sMsg":"Order amount should be greater than the minimum available amount","tag":"e847386590ce4dBC","ts":"1731078440929"}],"inTime":"1731078440929625","msg":"","outTime":"1731078440929852"}
2024-11-08 23:07:16,948 - ERROR - 下单失败，继续监控...
2024-11-08 23:07:18,090 - INFO - 当前价格: 2925.73
2024-11-08 23:07:18,309 - INFO - 可用USDT余额: 1840.1240161317521, 需要: 100
2024-11-08 23:07:18,444 - INFO - 计算入数量: 0.03417962074292824 -> 0.0342 (最小数量: 0.0001)
2024-11-08 23:07:18,445 - INFO - 当前价格: 2925.72, 计算出的买入数量: 0.0342, 最小交易量: 0.0001
2024-11-08 23:07:18,445 - INFO - 准备下单: 数量=0.0342, 预计金额≈100 USDT
2024-11-08 23:07:18,617 - ERROR - 下单失败: okx {"code":"1","data":[{"clOrdId":"e847386590ce4dBC8ef12f9178fb5960","ordId":"","sCode":"51020","sMsg":"Order amount should be greater than the minimum available amount","tag":"e847386590ce4dBC","ts":"1731078442589"}],"inTime":"1731078442589180","msg":"","outTime":"1731078442593591"}
2024-11-08 23:07:18,618 - ERROR - 下单失败，继续监控...
2024-11-08 23:07:19,768 - INFO - 当前价格: 2906.95
2024-11-08 23:07:19,978 - INFO - 可用USDT余额: 1840.1240161317521, 需要: 100
2024-11-08 23:07:20,126 - INFO - 计算入数量: 0.03418464494118532 -> 0.0342 (最小数量: 0.0001)
2024-11-08 23:07:20,126 - INFO - 当前价格: 2925.29, 计算出的买入数量: 0.0342, 最小交易量: 0.0001
2024-11-08 23:07:20,126 - INFO - 准备下单: 数量=0.0342, 预计金额≈100 USDT
2024-11-08 23:07:20,279 - ERROR - 下单失败: okx {"code":"1","data":[{"clOrdId":"e847386590ce4dBC80a3cbd53507b2b3","ordId":"","sCode":"51020","sMsg":"Order amount should be greater than the minimum available amount","tag":"e847386590ce4dBC","ts":"1731078444263"}],"inTime":"1731078444263682","msg":"","outTime":"1731078444263868"}
2024-11-08 23:07:20,280 - ERROR - 下单失败，继续监控...
2024-11-08 23:07:20,939 - INFO - 
程序被手动中断
2024-11-08 23:07:20,940 - INFO - --------------------------------------------------
2024-11-08 23:08:56,824 - INFO - 正在加载市场数据...
2024-11-08 23:08:58,527 - INFO - 市场数据加载完成
2024-11-08 23:08:58,528 - INFO - 正在重新加载市场数据...
2024-11-08 23:08:58,528 - INFO - 市场数据加载完成
2024-11-08 23:08:58,528 - INFO - --------------------------------------------------
2024-11-08 23:08:58,528 - INFO - 开始监控 ETH/USDT (测试网环境)
2024-11-08 23:08:58,528 - INFO - 订单类型: market
2024-11-08 23:08:58,528 - INFO - 买入金额: 100 USDT
2024-11-08 23:08:58,528 - INFO - 最小交易金额: None USDT
2024-11-08 23:08:58,528 - INFO - 最小交易数量: 0.0001
2024-11-08 23:08:58,528 - INFO - 最高价格: 3000
2024-11-08 23:08:58,528 - INFO - --------------------------------------------------
2024-11-08 23:08:58,692 - INFO - 当前价格: 2911.4
2024-11-08 23:08:58,911 - INFO - 可用USDT余额: 1840.1240161317521, 需要: 100
2024-11-08 23:08:59,078 - INFO - 计算入数量: 0.03436933979935179 -> 0.0344 (最小数量: 0.0001)
2024-11-08 23:08:59,078 - INFO - 当前价格: 2909.57, 计算出的买入数量: 0.0344, 最小交易量: 0.0001
2024-11-08 23:08:59,079 - INFO - 准备下单: 数量=0.0344, 预计金额≈100 USDT
2024-11-08 23:08:59,255 - ERROR - 下单失败: okx {"code":"1","data":[{"clOrdId":"e847386590ce4dBC506df385b4682882","ordId":"","sCode":"51020","sMsg":"Order amount should be greater than the minimum available amount","tag":"e847386590ce4dBC","ts":"1731078543207"}],"inTime":"1731078543207082","msg":"","outTime":"1731078543207316"}
2024-11-08 23:08:59,255 - ERROR - 下单失败，继续监控...
2024-11-08 23:09:00,436 - INFO - 当前价格: 2911.94
2024-11-08 23:09:00,634 - INFO - 可用USDT余额: 1840.1240161317521, 需要: 100
2024-11-08 23:09:00,797 - INFO - 计算入数量: 0.03434136692376903 -> 0.0343 (最小数量: 0.0001)
2024-11-08 23:09:00,797 - INFO - 当前价格: 2911.94, 计算出的买入数量: 0.0343, 最小交易量: 0.0001
2024-11-08 23:09:00,797 - INFO - 准备下单: 数量=0.0343, 预计金额≈100 USDT
2024-11-08 23:09:00,959 - ERROR - 下单失败: okx {"code":"1","data":[{"clOrdId":"e847386590ce4dBCa14f2707b39cc147","ordId":"","sCode":"51020","sMsg":"Order amount should be greater than the minimum available amount","tag":"e847386590ce4dBC","ts":"1731078544921"}],"inTime":"1731078544920823","msg":"","outTime":"1731078544921016"}
2024-11-08 23:09:00,960 - ERROR - 下单失败，继续监控...
2024-11-08 23:09:02,127 - INFO - 当前价格: 2911.61
2024-11-08 23:09:02,340 - INFO - 可用USDT余额: 1840.1240161317521, 需要: 100
2024-11-08 23:09:02,505 - INFO - 计算入数量: 0.03434337190093998 -> 0.0343 (最小数量: 0.0001)
2024-11-08 23:09:02,505 - INFO - 当前价格: 2911.77, 计算出的买入数量: 0.0343, 最小交易量: 0.0001
2024-11-08 23:09:02,505 - INFO - 准备下单: 数量=0.0343, 预计金额≈100 USDT
2024-11-08 23:09:02,679 - ERROR - 下单失败: okx {"code":"1","data":[{"clOrdId":"e847386590ce4dBC7aaf358921cb2432","ordId":"","sCode":"51020","sMsg":"Order amount should be greater than the minimum available amount","tag":"e847386590ce4dBC","ts":"1731078546634"}],"inTime":"1731078546634090","msg":"","outTime":"1731078546634538"}
2024-11-08 23:09:02,679 - ERROR - 下单失败，继续监控...
2024-11-08 23:09:03,662 - INFO - 
程序被手动中断
2024-11-08 23:09:03,662 - INFO - --------------------------------------------------
2024-11-08 23:09:05,335 - INFO - 正在加载市场数据...
2024-11-08 23:09:06,940 - INFO - 市场数据加载完成
2024-11-08 23:09:06,940 - INFO - 正在重新加载市场数据...
2024-11-08 23:09:06,940 - INFO - 市场数据加载完成
2024-11-08 23:09:06,940 - INFO - --------------------------------------------------
2024-11-08 23:09:06,940 - INFO - 开始监控 ETH/USDT (测试网环境)
2024-11-08 23:09:06,941 - INFO - 订单类型: market
2024-11-08 23:09:06,941 - INFO - 买入金额: 100 USDT
2024-11-08 23:09:06,941 - INFO - 最小交易金额: None USDT
2024-11-08 23:09:06,941 - INFO - 最小交易数量: 0.0001
2024-11-08 23:09:06,941 - INFO - 最高价格: 3000
2024-11-08 23:09:06,941 - INFO - --------------------------------------------------
2024-11-08 23:09:07,087 - INFO - 当前价格: 2911.54
2024-11-08 23:09:07,301 - INFO - 可用USDT余额: 1840.1240161317521, 需要: 100
2024-11-08 23:09:07,505 - INFO - 计算入数量: 0.03434608488978341 -> 0.0343 (最小数量: 0.0001)
2024-11-08 23:09:07,506 - INFO - 当前价格: 2911.54, 计算出的买入数量: 0.0343, 最小交易量: 0.0001
2024-11-08 23:09:07,506 - INFO - 准备下单: 数量=0.0343, 预计金额≈100 USDT
2024-11-08 23:09:07,677 - ERROR - 下单失败: okx {"code":"1","data":[{"clOrdId":"e847386590ce4dBC210111047f60996b","ordId":"","sCode":"51020","sMsg":"Order amount should be greater than the minimum available amount","tag":"e847386590ce4dBC","ts":"1731078551638"}],"inTime":"1731078551638724","msg":"","outTime":"1731078551638949"}
2024-11-08 23:09:07,677 - ERROR - 下单失败，继续监控...
2024-11-08 23:09:08,841 - INFO - 
程序被手动中断
2024-11-08 23:09:08,842 - INFO - --------------------------------------------------
