2024-11-09 08:53:28,906 - INFO - 正在加载市场数据...
2024-11-09 08:53:30,645 - INFO - 市场数据加载完成
2024-11-09 08:53:30,645 - INFO - 正在重新加载市场数据...
2024-11-09 08:53:30,647 - INFO - 市场数据加载完成
2024-11-09 08:53:30,647 - INFO - --------------------------------------------------
2024-11-09 08:53:30,648 - INFO - 开始监控 ETH/USDT (测试网环境)
2024-11-09 08:53:30,648 - INFO - 订单类型: market
2024-11-09 08:53:30,648 - INFO - 买入金额: 100 USDT
2024-11-09 08:53:30,649 - INFO - 最小交易金额: None USDT
2024-11-09 08:53:30,649 - INFO - 最小交易数量: 0.0001
2024-11-09 08:53:30,649 - INFO - 最高价格: 3000
2024-11-09 08:53:30,650 - INFO - --------------------------------------------------
2024-11-09 08:53:30,830 - INFO - 当前价格: 2992.75
2024-11-09 08:53:31,088 - INFO - 可用USDT余额: 1840.1240161317521, 需要: 100
2024-11-09 08:53:31,269 - INFO - 计算入数量: 0.03341408403642135 -> 0.0334 (最小数量: 0.0001)
2024-11-09 08:53:31,269 - INFO - 当前价格: 2992.75, 计算出的买入数量: 0.0334, 最小交易量: 0.0001
2024-11-09 08:53:31,269 - INFO - 准备下单: 数量=0.0334, 预计金额≈100 USDT
2024-11-09 08:53:31,466 - ERROR - 下单失败: okx {"code":"1","data":[{"clOrdId":"e847386590ce4dBC51035225dd1037f","ordId":"","sCode":"51020","sMsg":"Order amount should be greater than the minimum available amount","tag":"e847386590ce4dBC","ts":"1731113616450"}],"inTime":"1731113616450399","msg":"","outTime":"1731113616450688"}
2024-11-09 08:53:31,467 - ERROR - 下单失败，继续监控...
2024-11-09 08:53:32,645 - INFO - 当前价格: 2992.76
2024-11-09 08:53:32,866 - INFO - 可用USDT余额: 1840.1240161317521, 需要: 100
2024-11-09 08:53:33,046 - INFO - 计算入数量: 0.03341397238669322 -> 0.0334 (最小数量: 0.0001)
2024-11-09 08:53:33,048 - INFO - 当前价格: 2992.76, 计算出的买入数量: 0.0334, 最小交易量: 0.0001
2024-11-09 08:53:33,048 - INFO - 准备下单: 数量=0.0334, 预计金额≈100 USDT
2024-11-09 08:53:33,240 - ERROR - 下单失败: okx {"code":"1","data":[{"clOrdId":"e847386590ce4dBC131db4e217a60430","ordId":"","sCode":"51020","sMsg":"Order amount should be greater than the minimum available amount","tag":"e847386590ce4dBC","ts":"1731113618218"}],"inTime":"1731113618218611","msg":"","outTime":"1731113618218886"}
2024-11-09 08:53:33,240 - ERROR - 下单失败，继续监控...
2024-11-09 08:53:34,424 - INFO - 当前价格: 2992.96
2024-11-09 08:53:34,632 - INFO - 可用USDT余额: 1840.1240161317521, 需要: 100
2024-11-09 08:53:34,811 - INFO - 计算入数量: 0.03341173954880787 -> 0.0334 (最小数量: 0.0001)
2024-11-09 08:53:34,811 - INFO - 当前价格: 2992.96, 计算出的买入数量: 0.0334, 最小交易量: 0.0001
2024-11-09 08:53:34,811 - INFO - 准备下单: 数量=0.0334, 预计金额≈100 USDT
2024-11-09 08:53:34,998 - ERROR - 下单失败: okx {"code":"1","data":[{"clOrdId":"e847386590ce4dBC714dbc4c643c89d9","ordId":"","sCode":"51020","sMsg":"Order amount should be greater than the minimum available amount","tag":"e847386590ce4dBC","ts":"1731113619979"}],"inTime":"1731113619978855","msg":"","outTime":"1731113619979073"}
2024-11-09 08:53:34,998 - ERROR - 下单失败，继续监控...
2024-11-09 08:53:35,189 - INFO - 
程序被手动中断
2024-11-09 08:53:35,189 - INFO - --------------------------------------------------
